дек. 01, 2022 11:45:06 PM HW2_1 main
WARNING: Запуск программы

дек. 01, 2022 11:45:11 PM HW2_1 main
INFO: Ввод элементов массива пользователя завершен

Элемент 1 меняется местами с элементом 6
В 'пузырек' кладем значение 6
Массив преобразован в 1 6 -8 7 5 4 0 
Элемент -8 меняется местами с элементом 6
В 'пузырек' кладем значение 6
Массив преобразован в 1 -8 6 7 5 4 0 
7 >= 6. Кладем значение 7 в 'пузырек' и переходим к нему
Массив преобразован в 1 -8 6 7 5 4 0 
Элемент 5 меняется местами с элементом 7
В 'пузырек' кладем значение 7
Массив преобразован в 1 -8 6 5 7 4 0 
Элемент 4 меняется местами с элементом 7
В 'пузырек' кладем значение 7
Массив преобразован в 1 -8 6 5 4 7 0 
Элемент 0 меняется местами с элементом 7
В 'пузырек' кладем значение 7
Массив преобразован в 1 -8 6 5 4 0 7 
Элемент -8 меняется местами с элементом 1
В 'пузырек' кладем значение 1
Массив преобразован в -8 1 6 5 4 0 7 
6 >= 1. Кладем значение 6 в 'пузырек' и переходим к нему
Массив преобразован в -8 1 6 5 4 0 7 
Элемент 5 меняется местами с элементом 6
В 'пузырек' кладем значение 6
Массив преобразован в -8 1 5 6 4 0 7 
Элемент 4 меняется местами с элементом 6
В 'пузырек' кладем значение 6
Массив преобразован в -8 1 5 4 6 0 7 
Элемент 0 меняется местами с элементом 6
В 'пузырек' кладем значение 6
Массив преобразован в -8 1 5 4 0 6 7 
7 >= 6. Кладем значение 7 в 'пузырек' и переходим к нему
Массив преобразован в -8 1 5 4 0 6 7 
1 >= -8. Кладем значение 1 в 'пузырек' и переходим к нему
Массив преобразован в -8 1 5 4 0 6 7 
5 >= 1. Кладем значение 5 в 'пузырек' и переходим к нему
Массив преобразован в -8 1 5 4 0 6 7 
Элемент 4 меняется местами с элементом 5
В 'пузырек' кладем значение 5
Массив преобразован в -8 1 4 5 0 6 7 
Элемент 0 меняется местами с элементом 5
В 'пузырек' кладем значение 5
Массив преобразован в -8 1 4 0 5 6 7 
6 >= 5. Кладем значение 6 в 'пузырек' и переходим к нему
Массив преобразован в -8 1 4 0 5 6 7 
7 >= 6. Кладем значение 7 в 'пузырек' и переходим к нему
Массив преобразован в -8 1 4 0 5 6 7 
1 >= -8. Кладем значение 1 в 'пузырек' и переходим к нему
Массив преобразован в -8 1 4 0 5 6 7 
4 >= 1. Кладем значение 4 в 'пузырек' и переходим к нему
Массив преобразован в -8 1 4 0 5 6 7 
Элемент 0 меняется местами с элементом 4
В 'пузырек' кладем значение 4
Массив преобразован в -8 1 0 4 5 6 7 
5 >= 4. Кладем значение 5 в 'пузырек' и переходим к нему
Массив преобразован в -8 1 0 4 5 6 7 
6 >= 5. Кладем значение 6 в 'пузырек' и переходим к нему
Массив преобразован в -8 1 0 4 5 6 7 
7 >= 6. Кладем значение 7 в 'пузырек' и переходим к нему
Массив преобразован в -8 1 0 4 5 6 7 
1 >= -8. Кладем значение 1 в 'пузырек' и переходим к нему
Массив преобразован в -8 1 0 4 5 6 7 
Элемент 0 меняется местами с элементом 1
В 'пузырек' кладем значение 1
Массив преобразован в -8 0 1 4 5 6 7 
4 >= 1. Кладем значение 4 в 'пузырек' и переходим к нему
Массив преобразован в -8 0 1 4 5 6 7 
5 >= 4. Кладем значение 5 в 'пузырек' и переходим к нему
Массив преобразован в -8 0 1 4 5 6 7 
6 >= 5. Кладем значение 6 в 'пузырек' и переходим к нему
Массив преобразован в -8 0 1 4 5 6 7 
7 >= 6. Кладем значение 7 в 'пузырек' и переходим к нему
Массив преобразован в -8 0 1 4 5 6 7 
0 >= -8. Кладем значение 0 в 'пузырек' и переходим к нему
Массив преобразован в -8 0 1 4 5 6 7 
1 >= 0. Кладем значение 1 в 'пузырек' и переходим к нему
Массив преобразован в -8 0 1 4 5 6 7 
4 >= 1. Кладем значение 4 в 'пузырек' и переходим к нему
Массив преобразован в -8 0 1 4 5 6 7 
5 >= 4. Кладем значение 5 в 'пузырек' и переходим к нему
Массив преобразован в -8 0 1 4 5 6 7 
6 >= 5. Кладем значение 6 в 'пузырек' и переходим к нему
Массив преобразован в -8 0 1 4 5 6 7 
7 >= 6. Кладем значение 7 в 'пузырек' и переходим к нему
Массив преобразован в -8 0 1 4 5 6 7 
0 >= -8. Кладем значение 0 в 'пузырек' и переходим к нему
Массив преобразован в -8 0 1 4 5 6 7 
1 >= 0. Кладем значение 1 в 'пузырек' и переходим к нему
Массив преобразован в -8 0 1 4 5 6 7 
4 >= 1. Кладем значение 4 в 'пузырек' и переходим к нему
Массив преобразован в -8 0 1 4 5 6 7 
5 >= 4. Кладем значение 5 в 'пузырек' и переходим к нему
Массив преобразован в -8 0 1 4 5 6 7 
6 >= 5. Кладем значение 6 в 'пузырек' и переходим к нему
Массив преобразован в -8 0 1 4 5 6 7 
7 >= 6. Кладем значение 7 в 'пузырек' и переходим к нему
Массив преобразован в -8 0 1 4 5 6 7 
дек. 01, 2022 11:45:11 PM HW2_1 main
INFO: Сортировка массива завершена

дек. 01, 2022 11:45:11 PM HW2_1 main
INFO: Вывод отсортированного массива

дек. 02, 2022 8:09:49 PM HW2_1 main
WARNING: Запуск программы

дек. 02, 2022 8:09:57 PM HW2_1 main
INFO: Ввод элементов массива пользователя завершен

8 >= 5. Кладем значение 8 в 'пузырек' и переходим к нему
Массив преобразован в 5 8 9 6 8 3 
9 >= 8. Кладем значение 9 в 'пузырек' и переходим к нему
Массив преобразован в 5 8 9 6 8 3 
Элемент 6 меняется местами с элементом 9
В 'пузырек' кладем значение 9
Массив преобразован в 5 8 6 9 8 3 
Элемент 8 меняется местами с элементом 9
В 'пузырек' кладем значение 9
Массив преобразован в 5 8 6 8 9 3 
Элемент 3 меняется местами с элементом 9
В 'пузырек' кладем значение 9
Массив преобразован в 5 8 6 8 3 9 
8 >= 5. Кладем значение 8 в 'пузырек' и переходим к нему
Массив преобразован в 5 8 6 8 3 9 
Элемент 6 меняется местами с элементом 8
В 'пузырек' кладем значение 8
Массив преобразован в 5 6 8 8 3 9 
8 >= 8. Кладем значение 8 в 'пузырек' и переходим к нему
Массив преобразован в 5 6 8 8 3 9 
Элемент 3 меняется местами с элементом 8
В 'пузырек' кладем значение 8
Массив преобразован в 5 6 8 3 8 9 
9 >= 8. Кладем значение 9 в 'пузырек' и переходим к нему
Массив преобразован в 5 6 8 3 8 9 
6 >= 5. Кладем значение 6 в 'пузырек' и переходим к нему
Массив преобразован в 5 6 8 3 8 9 
8 >= 6. Кладем значение 8 в 'пузырек' и переходим к нему
Массив преобразован в 5 6 8 3 8 9 
Элемент 3 меняется местами с элементом 8
В 'пузырек' кладем значение 8
Массив преобразован в 5 6 3 8 8 9 
8 >= 8. Кладем значение 8 в 'пузырек' и переходим к нему
Массив преобразован в 5 6 3 8 8 9 
9 >= 8. Кладем значение 9 в 'пузырек' и переходим к нему
Массив преобразован в 5 6 3 8 8 9 
6 >= 5. Кладем значение 6 в 'пузырек' и переходим к нему
Массив преобразован в 5 6 3 8 8 9 
Элемент 3 меняется местами с элементом 6
В 'пузырек' кладем значение 6
Массив преобразован в 5 3 6 8 8 9 
8 >= 6. Кладем значение 8 в 'пузырек' и переходим к нему
Массив преобразован в 5 3 6 8 8 9 
8 >= 8. Кладем значение 8 в 'пузырек' и переходим к нему
Массив преобразован в 5 3 6 8 8 9 
9 >= 8. Кладем значение 9 в 'пузырек' и переходим к нему
Массив преобразован в 5 3 6 8 8 9 
Элемент 3 меняется местами с элементом 5
В 'пузырек' кладем значение 5
Массив преобразован в 3 5 6 8 8 9 
6 >= 5. Кладем значение 6 в 'пузырек' и переходим к нему
Массив преобразован в 3 5 6 8 8 9 
8 >= 6. Кладем значение 8 в 'пузырек' и переходим к нему
Массив преобразован в 3 5 6 8 8 9 
8 >= 8. Кладем значение 8 в 'пузырек' и переходим к нему
Массив преобразован в 3 5 6 8 8 9 
9 >= 8. Кладем значение 9 в 'пузырек' и переходим к нему
Массив преобразован в 3 5 6 8 8 9 
5 >= 3. Кладем значение 5 в 'пузырек' и переходим к нему
Массив преобразован в 3 5 6 8 8 9 
6 >= 5. Кладем значение 6 в 'пузырек' и переходим к нему
Массив преобразован в 3 5 6 8 8 9 
8 >= 6. Кладем значение 8 в 'пузырек' и переходим к нему
Массив преобразован в 3 5 6 8 8 9 
8 >= 8. Кладем значение 8 в 'пузырек' и переходим к нему
Массив преобразован в 3 5 6 8 8 9 
9 >= 8. Кладем значение 9 в 'пузырек' и переходим к нему
Массив преобразован в 3 5 6 8 8 9 
дек. 02, 2022 8:09:57 PM HW2_1 main
INFO: Сортировка массива завершена

дек. 02, 2022 8:09:57 PM HW2_1 main
INFO: Вывод отсортированного массива

дек. 02, 2022 10:19:48 PM HW2_1 main
WARNING: Запуск программы

дек. 02, 2022 10:19:51 PM HW2_1 main
INFO: Ввод элементов массива пользователя завершен

дек. 02, 2022 10:19:51 PM HW2_1 main
INFO: Сортировка массива завершена

дек. 02, 2022 10:19:51 PM HW2_1 main
INFO: Вывод отсортированного массива

