дек. 02, 2022 10:40:55 PM HW2_2 loging
INFO: Запуск программы

дек. 02, 2022 10:41:03 PM HW2_2 loging
INFO: Введено значение для подсчёта 2 + 3

дек. 02, 2022 10:41:03 PM HW2_2 loging
INFO: Запуск операции сложения

дек. 02, 2022 10:41:03 PM HW2_2 loging
INFO: Успешное сложение

дек. 02, 2022 10:41:03 PM HW2_2 loging
INFO: Запрос нового действия

дек. 02, 2022 10:41:04 PM HW2_2 loging
INFO: Выход по команде пользователя

дек. 02, 2022 10:41:38 PM HW2_2 loging
INFO: Запуск программы

дек. 02, 2022 10:41:42 PM HW2_2 loging
INFO: Введено значение для подсчёта 5 + 6

дек. 02, 2022 10:41:42 PM HW2_2 loging
INFO: Запуск операции сложения

дек. 02, 2022 10:41:42 PM HW2_2 loging
INFO: Успешное сложение

дек. 02, 2022 10:41:42 PM HW2_2 loging
INFO: Запрос нового действия

дек. 02, 2022 10:41:45 PM HW2_2 loging
INFO: Новый ввод данных

дек. 02, 2022 10:41:48 PM HW2_2 loging
INFO: Введено значение для подсчёта 8 /

дек. 02, 2022 10:41:48 PM HW2_2 loging
WARNING: Ошибка ввода! Неверное число элементов!

дек. 02, 2022 10:41:50 PM HW2_2 loging
INFO: Введено значение для подсчёта 8 / 0

дек. 02, 2022 10:41:50 PM HW2_2 loging
WARNING: Ошибка запуска операции деления - деление на 0!

дек. 02, 2022 10:41:50 PM HW2_2 loging
INFO: Запрос нового действия

дек. 02, 2022 10:41:52 PM HW2_2 loging
INFO: Предложение выбора действия с числами
8.0 и 0.0
дек. 02, 2022 10:41:54 PM HW2_2 loging
INFO: Повторная операция с числами
8.0 и 0.0 - ^
дек. 02, 2022 10:41:54 PM HW2_2 loging
INFO: Запуск операции возведения в степень

дек. 02, 2022 10:41:54 PM HW2_2 loging
INFO: Успешное возведение в степень

дек. 02, 2022 10:41:54 PM HW2_2 loging
INFO: Запрос нового действия

дек. 02, 2022 10:41:56 PM HW2_2 loging
WARNING: Выход в результате неверного ввода пользователя

дек. 02, 2022 10:44:31 PM HW2_2 loging
INFO: Запуск программы

дек. 02, 2022 10:44:35 PM HW2_2 loging
INFO: Введено значение для подсчёта 8 / 9

дек. 02, 2022 10:44:35 PM HW2_2 loging
INFO: Запуск операции деления

дек. 02, 2022 10:44:35 PM HW2_2 loging
INFO: Успешное деление

дек. 02, 2022 10:44:35 PM HW2_2 loging
INFO: Запрос нового действия

дек. 02, 2022 10:44:36 PM HW2_2 loging
WARNING: Выход в результате неверного ввода пользователя

