Dec 02, 2022 12:41:21 PM Main loging
WARNING: Запуск программы

Ошибка преобразования данных пользователя. Замена на 0
Ошибка преобразования данных пользователя. Замена на 0
Dec 02, 2022 12:41:36 PM Main loging
INFO: Ввод элементов массива пользователя завершен

94 >= 8. Кладем значение 94 в 'пузырек' и переходим к нему
Массив преобразован в 8 94 -2 0 114 345 4 1 78 954 321 1 12 0 0 
Элемент -2 меняется местами с элементом 94
В 'пузырек' кладем значение 94
Массив преобразован в 8 -2 94 0 114 345 4 1 78 954 321 1 12 0 0 
Элемент 0 меняется местами с элементом 94
В 'пузырек' кладем значение 94
Массив преобразован в 8 -2 0 94 114 345 4 1 78 954 321 1 12 0 0 
114 >= 94. Кладем значение 114 в 'пузырек' и переходим к нему
Массив преобразован в 8 -2 0 94 114 345 4 1 78 954 321 1 12 0 0 
345 >= 114. Кладем значение 345 в 'пузырек' и переходим к нему
Массив преобразован в 8 -2 0 94 114 345 4 1 78 954 321 1 12 0 0 
Элемент 4 меняется местами с элементом 345
В 'пузырек' кладем значение 345
Массив преобразован в 8 -2 0 94 114 4 345 1 78 954 321 1 12 0 0 
Элемент 1 меняется местами с элементом 345
В 'пузырек' кладем значение 345
Массив преобразован в 8 -2 0 94 114 4 1 345 78 954 321 1 12 0 0 
Элемент 78 меняется местами с элементом 345
В 'пузырек' кладем значение 345
Массив преобразован в 8 -2 0 94 114 4 1 78 345 954 321 1 12 0 0 
954 >= 345. Кладем значение 954 в 'пузырек' и переходим к нему
Массив преобразован в 8 -2 0 94 114 4 1 78 345 954 321 1 12 0 0 
Элемент 321 меняется местами с элементом 954
В 'пузырек' кладем значение 954
Массив преобразован в 8 -2 0 94 114 4 1 78 345 321 954 1 12 0 0 
Элемент 1 меняется местами с элементом 954
В 'пузырек' кладем значение 954
Массив преобразован в 8 -2 0 94 114 4 1 78 345 321 1 954 12 0 0 
Элемент 12 меняется местами с элементом 954
В 'пузырек' кладем значение 954
Массив преобразован в 8 -2 0 94 114 4 1 78 345 321 1 12 954 0 0 
Элемент 0 меняется местами с элементом 954
В 'пузырек' кладем значение 954
Массив преобразован в 8 -2 0 94 114 4 1 78 345 321 1 12 0 954 0 
Элемент 0 меняется местами с элементом 954
В 'пузырек' кладем значение 954
Массив преобразован в 8 -2 0 94 114 4 1 78 345 321 1 12 0 0 954 
Элемент -2 меняется местами с элементом 8
В 'пузырек' кладем значение 8
Массив преобразован в -2 8 0 94 114 4 1 78 345 321 1 12 0 0 954 
Элемент 0 меняется местами с элементом 8
В 'пузырек' кладем значение 8
Массив преобразован в -2 0 8 94 114 4 1 78 345 321 1 12 0 0 954 
94 >= 8. Кладем значение 94 в 'пузырек' и переходим к нему
Массив преобразован в -2 0 8 94 114 4 1 78 345 321 1 12 0 0 954 
114 >= 94. Кладем значение 114 в 'пузырек' и переходим к нему
Массив преобразован в -2 0 8 94 114 4 1 78 345 321 1 12 0 0 954 
Элемент 4 меняется местами с элементом 114
В 'пузырек' кладем значение 114
Массив преобразован в -2 0 8 94 4 114 1 78 345 321 1 12 0 0 954 
Элемент 1 меняется местами с элементом 114
В 'пузырек' кладем значение 114
Массив преобразован в -2 0 8 94 4 1 114 78 345 321 1 12 0 0 954 
Элемент 78 меняется местами с элементом 114
В 'пузырек' кладем значение 114
Массив преобразован в -2 0 8 94 4 1 78 114 345 321 1 12 0 0 954 
345 >= 114. Кладем значение 345 в 'пузырек' и переходим к нему
Массив преобразован в -2 0 8 94 4 1 78 114 345 321 1 12 0 0 954 
Элемент 321 меняется местами с элементом 345
В 'пузырек' кладем значение 345
Массив преобразован в -2 0 8 94 4 1 78 114 321 345 1 12 0 0 954 
Элемент 1 меняется местами с элементом 345
В 'пузырек' кладем значение 345
Массив преобразован в -2 0 8 94 4 1 78 114 321 1 345 12 0 0 954 
Элемент 12 меняется местами с элементом 345
В 'пузырек' кладем значение 345
Массив преобразован в -2 0 8 94 4 1 78 114 321 1 12 345 0 0 954 
Элемент 0 меняется местами с элементом 345
В 'пузырек' кладем значение 345
Массив преобразован в -2 0 8 94 4 1 78 114 321 1 12 0 345 0 954 
Элемент 0 меняется местами с элементом 345
В 'пузырек' кладем значение 345
Массив преобразован в -2 0 8 94 4 1 78 114 321 1 12 0 0 345 954 
954 >= 345. Кладем значение 954 в 'пузырек' и переходим к нему
Массив преобразован в -2 0 8 94 4 1 78 114 321 1 12 0 0 345 954 
0 >= -2. Кладем значение 0 в 'пузырек' и переходим к нему
Массив преобразован в -2 0 8 94 4 1 78 114 321 1 12 0 0 345 954 
8 >= 0. Кладем значение 8 в 'пузырек' и переходим к нему
Массив преобразован в -2 0 8 94 4 1 78 114 321 1 12 0 0 345 954 
94 >= 8. Кладем значение 94 в 'пузырек' и переходим к нему
Массив преобразован в -2 0 8 94 4 1 78 114 321 1 12 0 0 345 954 
Элемент 4 меняется местами с элементом 94
В 'пузырек' кладем значение 94
Массив преобразован в -2 0 8 4 94 1 78 114 321 1 12 0 0 345 954 
Элемент 1 меняется местами с элементом 94
В 'пузырек' кладем значение 94
Массив преобразован в -2 0 8 4 1 94 78 114 321 1 12 0 0 345 954 
Элемент 78 меняется местами с элементом 94
В 'пузырек' кладем значение 94
Массив преобразован в -2 0 8 4 1 78 94 114 321 1 12 0 0 345 954 
114 >= 94. Кладем значение 114 в 'пузырек' и переходим к нему
Массив преобразован в -2 0 8 4 1 78 94 114 321 1 12 0 0 345 954 
321 >= 114. Кладем значение 321 в 'пузырек' и переходим к нему
Массив преобразован в -2 0 8 4 1 78 94 114 321 1 12 0 0 345 954 
Элемент 1 меняется местами с элементом 321
В 'пузырек' кладем значение 321
Массив преобразован в -2 0 8 4 1 78 94 114 1 321 12 0 0 345 954 
Элемент 12 меняется местами с элементом 321
В 'пузырек' кладем значение 321
Массив преобразован в -2 0 8 4 1 78 94 114 1 12 321 0 0 345 954 
Элемент 0 меняется местами с элементом 321
В 'пузырек' кладем значение 321
Массив преобразован в -2 0 8 4 1 78 94 114 1 12 0 321 0 345 954 
Элемент 0 меняется местами с элементом 321
В 'пузырек' кладем значение 321
Массив преобразован в -2 0 8 4 1 78 94 114 1 12 0 0 321 345 954 
345 >= 321. Кладем значение 345 в 'пузырек' и переходим к нему
Массив преобразован в -2 0 8 4 1 78 94 114 1 12 0 0 321 345 954 
954 >= 345. Кладем значение 954 в 'пузырек' и переходим к нему
Массив преобразован в -2 0 8 4 1 78 94 114 1 12 0 0 321 345 954 
0 >= -2. Кладем значение 0 в 'пузырек' и переходим к нему
Массив преобразован в -2 0 8 4 1 78 94 114 1 12 0 0 321 345 954 
8 >= 0. Кладем значение 8 в 'пузырек' и переходим к нему
Массив преобразован в -2 0 8 4 1 78 94 114 1 12 0 0 321 345 954 
Элемент 4 меняется местами с элементом 8
В 'пузырек' кладем значение 8
Массив преобразован в -2 0 4 8 1 78 94 114 1 12 0 0 321 345 954 
Элемент 1 меняется местами с элементом 8
В 'пузырек' кладем значение 8
Массив преобразован в -2 0 4 1 8 78 94 114 1 12 0 0 321 345 954 
78 >= 8. Кладем значение 78 в 'пузырек' и переходим к нему
Массив преобразован в -2 0 4 1 8 78 94 114 1 12 0 0 321 345 954 
94 >= 78. Кладем значение 94 в 'пузырек' и переходим к нему
Массив преобразован в -2 0 4 1 8 78 94 114 1 12 0 0 321 345 954 
114 >= 94. Кладем значение 114 в 'пузырек' и переходим к нему
Массив преобразован в -2 0 4 1 8 78 94 114 1 12 0 0 321 345 954 
Элемент 1 меняется местами с элементом 114
В 'пузырек' кладем значение 114
Массив преобразован в -2 0 4 1 8 78 94 1 114 12 0 0 321 345 954 
Элемент 12 меняется местами с элементом 114
В 'пузырек' кладем значение 114
Массив преобразован в -2 0 4 1 8 78 94 1 12 114 0 0 321 345 954 
Элемент 0 меняется местами с элементом 114
В 'пузырек' кладем значение 114
Массив преобразован в -2 0 4 1 8 78 94 1 12 0 114 0 321 345 954 
Элемент 0 меняется местами с элементом 114
В 'пузырек' кладем значение 114
Массив преобразован в -2 0 4 1 8 78 94 1 12 0 0 114 321 345 954 
321 >= 114. Кладем значение 321 в 'пузырек' и переходим к нему
Массив преобразован в -2 0 4 1 8 78 94 1 12 0 0 114 321 345 954 
345 >= 321. Кладем значение 345 в 'пузырек' и переходим к нему
Массив преобразован в -2 0 4 1 8 78 94 1 12 0 0 114 321 345 954 
954 >= 345. Кладем значение 954 в 'пузырек' и переходим к нему
Массив преобразован в -2 0 4 1 8 78 94 1 12 0 0 114 321 345 954 
0 >= -2. Кладем значение 0 в 'пузырек' и переходим к нему
Массив преобразован в -2 0 4 1 8 78 94 1 12 0 0 114 321 345 954 
4 >= 0. Кладем значение 4 в 'пузырек' и переходим к нему
Массив преобразован в -2 0 4 1 8 78 94 1 12 0 0 114 321 345 954 
Элемент 1 меняется местами с элементом 4
В 'пузырек' кладем значение 4
Массив преобразован в -2 0 1 4 8 78 94 1 12 0 0 114 321 345 954 
8 >= 4. Кладем значение 8 в 'пузырек' и переходим к нему
Массив преобразован в -2 0 1 4 8 78 94 1 12 0 0 114 321 345 954 
78 >= 8. Кладем значение 78 в 'пузырек' и переходим к нему
Массив преобразован в -2 0 1 4 8 78 94 1 12 0 0 114 321 345 954 
94 >= 78. Кладем значение 94 в 'пузырек' и переходим к нему
Массив преобразован в -2 0 1 4 8 78 94 1 12 0 0 114 321 345 954 
Элемент 1 меняется местами с элементом 94
В 'пузырек' кладем значение 94
Массив преобразован в -2 0 1 4 8 78 1 94 12 0 0 114 321 345 954 
Элемент 12 меняется местами с элементом 94
В 'пузырек' кладем значение 94
Массив преобразован в -2 0 1 4 8 78 1 12 94 0 0 114 321 345 954 
Элемент 0 меняется местами с элементом 94
В 'пузырек' кладем значение 94
Массив преобразован в -2 0 1 4 8 78 1 12 0 94 0 114 321 345 954 
Элемент 0 меняется местами с элементом 94
В 'пузырек' кладем значение 94
Массив преобразован в -2 0 1 4 8 78 1 12 0 0 94 114 321 345 954 
114 >= 94. Кладем значение 114 в 'пузырек' и переходим к нему
Массив преобразован в -2 0 1 4 8 78 1 12 0 0 94 114 321 345 954 
321 >= 114. Кладем значение 321 в 'пузырек' и переходим к нему
Массив преобразован в -2 0 1 4 8 78 1 12 0 0 94 114 321 345 954 
345 >= 321. Кладем значение 345 в 'пузырек' и переходим к нему
Массив преобразован в -2 0 1 4 8 78 1 12 0 0 94 114 321 345 954 
954 >= 345. Кладем значение 954 в 'пузырек' и переходим к нему
Массив преобразован в -2 0 1 4 8 78 1 12 0 0 94 114 321 345 954 
0 >= -2. Кладем значение 0 в 'пузырек' и переходим к нему
Массив преобразован в -2 0 1 4 8 78 1 12 0 0 94 114 321 345 954 
1 >= 0. Кладем значение 1 в 'пузырек' и переходим к нему
Массив преобразован в -2 0 1 4 8 78 1 12 0 0 94 114 321 345 954 
4 >= 1. Кладем значение 4 в 'пузырек' и переходим к нему
Массив преобразован в -2 0 1 4 8 78 1 12 0 0 94 114 321 345 954 
8 >= 4. Кладем значение 8 в 'пузырек' и переходим к нему
Массив преобразован в -2 0 1 4 8 78 1 12 0 0 94 114 321 345 954 
78 >= 8. Кладем значение 78 в 'пузырек' и переходим к нему
Массив преобразован в -2 0 1 4 8 78 1 12 0 0 94 114 321 345 954 
Элемент 1 меняется местами с элементом 78
В 'пузырек' кладем значение 78
Массив преобразован в -2 0 1 4 8 1 78 12 0 0 94 114 321 345 954 
Элемент 12 меняется местами с элементом 78
В 'пузырек' кладем значение 78
Массив преобразован в -2 0 1 4 8 1 12 78 0 0 94 114 321 345 954 
Элемент 0 меняется местами с элементом 78
В 'пузырек' кладем значение 78
Массив преобразован в -2 0 1 4 8 1 12 0 78 0 94 114 321 345 954 
Элемент 0 меняется местами с элементом 78
В 'пузырек' кладем значение 78
Массив преобразован в -2 0 1 4 8 1 12 0 0 78 94 114 321 345 954 
94 >= 78. Кладем значение 94 в 'пузырек' и переходим к нему
Массив преобразован в -2 0 1 4 8 1 12 0 0 78 94 114 321 345 954 
114 >= 94. Кладем значение 114 в 'пузырек' и переходим к нему
Массив преобразован в -2 0 1 4 8 1 12 0 0 78 94 114 321 345 954 
321 >= 114. Кладем значение 321 в 'пузырек' и переходим к нему
Массив преобразован в -2 0 1 4 8 1 12 0 0 78 94 114 321 345 954 
345 >= 321. Кладем значение 345 в 'пузырек' и переходим к нему
Массив преобразован в -2 0 1 4 8 1 12 0 0 78 94 114 321 345 954 
954 >= 345. Кладем значение 954 в 'пузырек' и переходим к нему
Массив преобразован в -2 0 1 4 8 1 12 0 0 78 94 114 321 345 954 
0 >= -2. Кладем значение 0 в 'пузырек' и переходим к нему
Массив преобразован в -2 0 1 4 8 1 12 0 0 78 94 114 321 345 954 
1 >= 0. Кладем значение 1 в 'пузырек' и переходим к нему
Массив преобразован в -2 0 1 4 8 1 12 0 0 78 94 114 321 345 954 
4 >= 1. Кладем значение 4 в 'пузырек' и переходим к нему
Массив преобразован в -2 0 1 4 8 1 12 0 0 78 94 114 321 345 954 
8 >= 4. Кладем значение 8 в 'пузырек' и переходим к нему
Массив преобразован в -2 0 1 4 8 1 12 0 0 78 94 114 321 345 954 
Элемент 1 меняется местами с элементом 8
В 'пузырек' кладем значение 8
Массив преобразован в -2 0 1 4 1 8 12 0 0 78 94 114 321 345 954 
12 >= 8. Кладем значение 12 в 'пузырек' и переходим к нему
Массив преобразован в -2 0 1 4 1 8 12 0 0 78 94 114 321 345 954 
Элемент 0 меняется местами с элементом 12
В 'пузырек' кладем значение 12
Массив преобразован в -2 0 1 4 1 8 0 12 0 78 94 114 321 345 954 
Элемент 0 меняется местами с элементом 12
В 'пузырек' кладем значение 12
Массив преобразован в -2 0 1 4 1 8 0 0 12 78 94 114 321 345 954 
78 >= 12. Кладем значение 78 в 'пузырек' и переходим к нему
Массив преобразован в -2 0 1 4 1 8 0 0 12 78 94 114 321 345 954 
94 >= 78. Кладем значение 94 в 'пузырек' и переходим к нему
Массив преобразован в -2 0 1 4 1 8 0 0 12 78 94 114 321 345 954 
114 >= 94. Кладем значение 114 в 'пузырек' и переходим к нему
Массив преобразован в -2 0 1 4 1 8 0 0 12 78 94 114 321 345 954 
321 >= 114. Кладем значение 321 в 'пузырек' и переходим к нему
Массив преобразован в -2 0 1 4 1 8 0 0 12 78 94 114 321 345 954 
345 >= 321. Кладем значение 345 в 'пузырек' и переходим к нему
Массив преобразован в -2 0 1 4 1 8 0 0 12 78 94 114 321 345 954 
954 >= 345. Кладем значение 954 в 'пузырек' и переходим к нему
Массив преобразован в -2 0 1 4 1 8 0 0 12 78 94 114 321 345 954 
0 >= -2. Кладем значение 0 в 'пузырек' и переходим к нему
Массив преобразован в -2 0 1 4 1 8 0 0 12 78 94 114 321 345 954 
1 >= 0. Кладем значение 1 в 'пузырек' и переходим к нему
Массив преобразован в -2 0 1 4 1 8 0 0 12 78 94 114 321 345 954 
4 >= 1. Кладем значение 4 в 'пузырек' и переходим к нему
Массив преобразован в -2 0 1 4 1 8 0 0 12 78 94 114 321 345 954 
Элемент 1 меняется местами с элементом 4
В 'пузырек' кладем значение 4
Массив преобразован в -2 0 1 1 4 8 0 0 12 78 94 114 321 345 954 
8 >= 4. Кладем значение 8 в 'пузырек' и переходим к нему
Массив преобразован в -2 0 1 1 4 8 0 0 12 78 94 114 321 345 954 
Элемент 0 меняется местами с элементом 8
В 'пузырек' кладем значение 8
Массив преобразован в -2 0 1 1 4 0 8 0 12 78 94 114 321 345 954 
Элемент 0 меняется местами с элементом 8
В 'пузырек' кладем значение 8
Массив преобразован в -2 0 1 1 4 0 0 8 12 78 94 114 321 345 954 
12 >= 8. Кладем значение 12 в 'пузырек' и переходим к нему
Массив преобразован в -2 0 1 1 4 0 0 8 12 78 94 114 321 345 954 
78 >= 12. Кладем значение 78 в 'пузырек' и переходим к нему
Массив преобразован в -2 0 1 1 4 0 0 8 12 78 94 114 321 345 954 
94 >= 78. Кладем значение 94 в 'пузырек' и переходим к нему
Массив преобразован в -2 0 1 1 4 0 0 8 12 78 94 114 321 345 954 
114 >= 94. Кладем значение 114 в 'пузырек' и переходим к нему
Массив преобразован в -2 0 1 1 4 0 0 8 12 78 94 114 321 345 954 
321 >= 114. Кладем значение 321 в 'пузырек' и переходим к нему
Массив преобразован в -2 0 1 1 4 0 0 8 12 78 94 114 321 345 954 
345 >= 321. Кладем значение 345 в 'пузырек' и переходим к нему
Массив преобразован в -2 0 1 1 4 0 0 8 12 78 94 114 321 345 954 
954 >= 345. Кладем значение 954 в 'пузырек' и переходим к нему
Массив преобразован в -2 0 1 1 4 0 0 8 12 78 94 114 321 345 954 
0 >= -2. Кладем значение 0 в 'пузырек' и переходим к нему
Массив преобразован в -2 0 1 1 4 0 0 8 12 78 94 114 321 345 954 
1 >= 0. Кладем значение 1 в 'пузырек' и переходим к нему
Массив преобразован в -2 0 1 1 4 0 0 8 12 78 94 114 321 345 954 
1 >= 1. Кладем значение 1 в 'пузырек' и переходим к нему
Массив преобразован в -2 0 1 1 4 0 0 8 12 78 94 114 321 345 954 
4 >= 1. Кладем значение 4 в 'пузырек' и переходим к нему
Массив преобразован в -2 0 1 1 4 0 0 8 12 78 94 114 321 345 954 
Элемент 0 меняется местами с элементом 4
В 'пузырек' кладем значение 4
Массив преобразован в -2 0 1 1 0 4 0 8 12 78 94 114 321 345 954 
Элемент 0 меняется местами с элементом 4
В 'пузырек' кладем значение 4
Массив преобразован в -2 0 1 1 0 0 4 8 12 78 94 114 321 345 954 
8 >= 4. Кладем значение 8 в 'пузырек' и переходим к нему
Массив преобразован в -2 0 1 1 0 0 4 8 12 78 94 114 321 345 954 
12 >= 8. Кладем значение 12 в 'пузырек' и переходим к нему
Массив преобразован в -2 0 1 1 0 0 4 8 12 78 94 114 321 345 954 
78 >= 12. Кладем значение 78 в 'пузырек' и переходим к нему
Массив преобразован в -2 0 1 1 0 0 4 8 12 78 94 114 321 345 954 
94 >= 78. Кладем значение 94 в 'пузырек' и переходим к нему
Массив преобразован в -2 0 1 1 0 0 4 8 12 78 94 114 321 345 954 
114 >= 94. Кладем значение 114 в 'пузырек' и переходим к нему
Массив преобразован в -2 0 1 1 0 0 4 8 12 78 94 114 321 345 954 
321 >= 114. Кладем значение 321 в 'пузырек' и переходим к нему
Массив преобразован в -2 0 1 1 0 0 4 8 12 78 94 114 321 345 954 
345 >= 321. Кладем значение 345 в 'пузырек' и переходим к нему
Массив преобразован в -2 0 1 1 0 0 4 8 12 78 94 114 321 345 954 
954 >= 345. Кладем значение 954 в 'пузырек' и переходим к нему
Массив преобразован в -2 0 1 1 0 0 4 8 12 78 94 114 321 345 954 
0 >= -2. Кладем значение 0 в 'пузырек' и переходим к нему
Массив преобразован в -2 0 1 1 0 0 4 8 12 78 94 114 321 345 954 
1 >= 0. Кладем значение 1 в 'пузырек' и переходим к нему
Массив преобразован в -2 0 1 1 0 0 4 8 12 78 94 114 321 345 954 
1 >= 1. Кладем значение 1 в 'пузырек' и переходим к нему
Массив преобразован в -2 0 1 1 0 0 4 8 12 78 94 114 321 345 954 
Элемент 0 меняется местами с элементом 1
В 'пузырек' кладем значение 1
Массив преобразован в -2 0 1 0 1 0 4 8 12 78 94 114 321 345 954 
Элемент 0 меняется местами с элементом 1
В 'пузырек' кладем значение 1
Массив преобразован в -2 0 1 0 0 1 4 8 12 78 94 114 321 345 954 
4 >= 1. Кладем значение 4 в 'пузырек' и переходим к нему
Массив преобразован в -2 0 1 0 0 1 4 8 12 78 94 114 321 345 954 
8 >= 4. Кладем значение 8 в 'пузырек' и переходим к нему
Массив преобразован в -2 0 1 0 0 1 4 8 12 78 94 114 321 345 954 
12 >= 8. Кладем значение 12 в 'пузырек' и переходим к нему
Массив преобразован в -2 0 1 0 0 1 4 8 12 78 94 114 321 345 954 
78 >= 12. Кладем значение 78 в 'пузырек' и переходим к нему
Массив преобразован в -2 0 1 0 0 1 4 8 12 78 94 114 321 345 954 
94 >= 78. Кладем значение 94 в 'пузырек' и переходим к нему
Массив преобразован в -2 0 1 0 0 1 4 8 12 78 94 114 321 345 954 
114 >= 94. Кладем значение 114 в 'пузырек' и переходим к нему
Массив преобразован в -2 0 1 0 0 1 4 8 12 78 94 114 321 345 954 
321 >= 114. Кладем значение 321 в 'пузырек' и переходим к нему
Массив преобразован в -2 0 1 0 0 1 4 8 12 78 94 114 321 345 954 
345 >= 321. Кладем значение 345 в 'пузырек' и переходим к нему
Массив преобразован в -2 0 1 0 0 1 4 8 12 78 94 114 321 345 954 
954 >= 345. Кладем значение 954 в 'пузырек' и переходим к нему
Массив преобразован в -2 0 1 0 0 1 4 8 12 78 94 114 321 345 954 
0 >= -2. Кладем значение 0 в 'пузырек' и переходим к нему
Массив преобразован в -2 0 1 0 0 1 4 8 12 78 94 114 321 345 954 
1 >= 0. Кладем значение 1 в 'пузырек' и переходим к нему
Массив преобразован в -2 0 1 0 0 1 4 8 12 78 94 114 321 345 954 
Элемент 0 меняется местами с элементом 1
В 'пузырек' кладем значение 1
Массив преобразован в -2 0 0 1 0 1 4 8 12 78 94 114 321 345 954 
Элемент 0 меняется местами с элементом 1
В 'пузырек' кладем значение 1
Массив преобразован в -2 0 0 0 1 1 4 8 12 78 94 114 321 345 954 
1 >= 1. Кладем значение 1 в 'пузырек' и переходим к нему
Массив преобразован в -2 0 0 0 1 1 4 8 12 78 94 114 321 345 954 
4 >= 1. Кладем значение 4 в 'пузырек' и переходим к нему
Массив преобразован в -2 0 0 0 1 1 4 8 12 78 94 114 321 345 954 
8 >= 4. Кладем значение 8 в 'пузырек' и переходим к нему
Массив преобразован в -2 0 0 0 1 1 4 8 12 78 94 114 321 345 954 
12 >= 8. Кладем значение 12 в 'пузырек' и переходим к нему
Массив преобразован в -2 0 0 0 1 1 4 8 12 78 94 114 321 345 954 
78 >= 12. Кладем значение 78 в 'пузырек' и переходим к нему
Массив преобразован в -2 0 0 0 1 1 4 8 12 78 94 114 321 345 954 
94 >= 78. Кладем значение 94 в 'пузырек' и переходим к нему
Массив преобразован в -2 0 0 0 1 1 4 8 12 78 94 114 321 345 954 
114 >= 94. Кладем значение 114 в 'пузырек' и переходим к нему
Массив преобразован в -2 0 0 0 1 1 4 8 12 78 94 114 321 345 954 
321 >= 114. Кладем значение 321 в 'пузырек' и переходим к нему
Массив преобразован в -2 0 0 0 1 1 4 8 12 78 94 114 321 345 954 
345 >= 321. Кладем значение 345 в 'пузырек' и переходим к нему
Массив преобразован в -2 0 0 0 1 1 4 8 12 78 94 114 321 345 954 
954 >= 345. Кладем значение 954 в 'пузырек' и переходим к нему
Массив преобразован в -2 0 0 0 1 1 4 8 12 78 94 114 321 345 954 
0 >= -2. Кладем значение 0 в 'пузырек' и переходим к нему
Массив преобразован в -2 0 0 0 1 1 4 8 12 78 94 114 321 345 954 
0 >= 0. Кладем значение 0 в 'пузырек' и переходим к нему
Массив преобразован в -2 0 0 0 1 1 4 8 12 78 94 114 321 345 954 
0 >= 0. Кладем значение 0 в 'пузырек' и переходим к нему
Массив преобразован в -2 0 0 0 1 1 4 8 12 78 94 114 321 345 954 
1 >= 0. Кладем значение 1 в 'пузырек' и переходим к нему
Массив преобразован в -2 0 0 0 1 1 4 8 12 78 94 114 321 345 954 
1 >= 1. Кладем значение 1 в 'пузырек' и переходим к нему
Массив преобразован в -2 0 0 0 1 1 4 8 12 78 94 114 321 345 954 
4 >= 1. Кладем значение 4 в 'пузырек' и переходим к нему
Массив преобразован в -2 0 0 0 1 1 4 8 12 78 94 114 321 345 954 
8 >= 4. Кладем значение 8 в 'пузырек' и переходим к нему
Массив преобразован в -2 0 0 0 1 1 4 8 12 78 94 114 321 345 954 
12 >= 8. Кладем значение 12 в 'пузырек' и переходим к нему
Массив преобразован в -2 0 0 0 1 1 4 8 12 78 94 114 321 345 954 
78 >= 12. Кладем значение 78 в 'пузырек' и переходим к нему
Массив преобразован в -2 0 0 0 1 1 4 8 12 78 94 114 321 345 954 
94 >= 78. Кладем значение 94 в 'пузырек' и переходим к нему
Массив преобразован в -2 0 0 0 1 1 4 8 12 78 94 114 321 345 954 
114 >= 94. Кладем значение 114 в 'пузырек' и переходим к нему
Массив преобразован в -2 0 0 0 1 1 4 8 12 78 94 114 321 345 954 
321 >= 114. Кладем значение 321 в 'пузырек' и переходим к нему
Массив преобразован в -2 0 0 0 1 1 4 8 12 78 94 114 321 345 954 
345 >= 321. Кладем значение 345 в 'пузырек' и переходим к нему
Массив преобразован в -2 0 0 0 1 1 4 8 12 78 94 114 321 345 954 
954 >= 345. Кладем значение 954 в 'пузырек' и переходим к нему
Массив преобразован в -2 0 0 0 1 1 4 8 12 78 94 114 321 345 954 
0 >= -2. Кладем значение 0 в 'пузырек' и переходим к нему
Массив преобразован в -2 0 0 0 1 1 4 8 12 78 94 114 321 345 954 
0 >= 0. Кладем значение 0 в 'пузырек' и переходим к нему
Массив преобразован в -2 0 0 0 1 1 4 8 12 78 94 114 321 345 954 
0 >= 0. Кладем значение 0 в 'пузырек' и переходим к нему
Массив преобразован в -2 0 0 0 1 1 4 8 12 78 94 114 321 345 954 
1 >= 0. Кладем значение 1 в 'пузырек' и переходим к нему
Массив преобразован в -2 0 0 0 1 1 4 8 12 78 94 114 321 345 954 
1 >= 1. Кладем значение 1 в 'пузырек' и переходим к нему
Массив преобразован в -2 0 0 0 1 1 4 8 12 78 94 114 321 345 954 
4 >= 1. Кладем значение 4 в 'пузырек' и переходим к нему
Массив преобразован в -2 0 0 0 1 1 4 8 12 78 94 114 321 345 954 
8 >= 4. Кладем значение 8 в 'пузырек' и переходим к нему
Массив преобразован в -2 0 0 0 1 1 4 8 12 78 94 114 321 345 954 
12 >= 8. Кладем значение 12 в 'пузырек' и переходим к нему
Массив преобразован в -2 0 0 0 1 1 4 8 12 78 94 114 321 345 954 
78 >= 12. Кладем значение 78 в 'пузырек' и переходим к нему
Массив преобразован в -2 0 0 0 1 1 4 8 12 78 94 114 321 345 954 
94 >= 78. Кладем значение 94 в 'пузырек' и переходим к нему
Массив преобразован в -2 0 0 0 1 1 4 8 12 78 94 114 321 345 954 
114 >= 94. Кладем значение 114 в 'пузырек' и переходим к нему
Массив преобразован в -2 0 0 0 1 1 4 8 12 78 94 114 321 345 954 
321 >= 114. Кладем значение 321 в 'пузырек' и переходим к нему
Массив преобразован в -2 0 0 0 1 1 4 8 12 78 94 114 321 345 954 
345 >= 321. Кладем значение 345 в 'пузырек' и переходим к нему
Массив преобразован в -2 0 0 0 1 1 4 8 12 78 94 114 321 345 954 
954 >= 345. Кладем значение 954 в 'пузырек' и переходим к нему
Массив преобразован в -2 0 0 0 1 1 4 8 12 78 94 114 321 345 954 
0 >= -2. Кладем значение 0 в 'пузырек' и переходим к нему
Массив преобразован в -2 0 0 0 1 1 4 8 12 78 94 114 321 345 954 
0 >= 0. Кладем значение 0 в 'пузырек' и переходим к нему
Массив преобразован в -2 0 0 0 1 1 4 8 12 78 94 114 321 345 954 
0 >= 0. Кладем значение 0 в 'пузырек' и переходим к нему
Массив преобразован в -2 0 0 0 1 1 4 8 12 78 94 114 321 345 954 
1 >= 0. Кладем значение 1 в 'пузырек' и переходим к нему
Массив преобразован в -2 0 0 0 1 1 4 8 12 78 94 114 321 345 954 
1 >= 1. Кладем значение 1 в 'пузырек' и переходим к нему
Массив преобразован в -2 0 0 0 1 1 4 8 12 78 94 114 321 345 954 
4 >= 1. Кладем значение 4 в 'пузырек' и переходим к нему
Массив преобразован в -2 0 0 0 1 1 4 8 12 78 94 114 321 345 954 
8 >= 4. Кладем значение 8 в 'пузырек' и переходим к нему
Массив преобразован в -2 0 0 0 1 1 4 8 12 78 94 114 321 345 954 
12 >= 8. Кладем значение 12 в 'пузырек' и переходим к нему
Массив преобразован в -2 0 0 0 1 1 4 8 12 78 94 114 321 345 954 
78 >= 12. Кладем значение 78 в 'пузырек' и переходим к нему
Массив преобразован в -2 0 0 0 1 1 4 8 12 78 94 114 321 345 954 
94 >= 78. Кладем значение 94 в 'пузырек' и переходим к нему
Массив преобразован в -2 0 0 0 1 1 4 8 12 78 94 114 321 345 954 
114 >= 94. Кладем значение 114 в 'пузырек' и переходим к нему
Массив преобразован в -2 0 0 0 1 1 4 8 12 78 94 114 321 345 954 
321 >= 114. Кладем значение 321 в 'пузырек' и переходим к нему
Массив преобразован в -2 0 0 0 1 1 4 8 12 78 94 114 321 345 954 
345 >= 321. Кладем значение 345 в 'пузырек' и переходим к нему
Массив преобразован в -2 0 0 0 1 1 4 8 12 78 94 114 321 345 954 
954 >= 345. Кладем значение 954 в 'пузырек' и переходим к нему
Массив преобразован в -2 0 0 0 1 1 4 8 12 78 94 114 321 345 954 
0 >= -2. Кладем значение 0 в 'пузырек' и переходим к нему
Массив преобразован в -2 0 0 0 1 1 4 8 12 78 94 114 321 345 954 
0 >= 0. Кладем значение 0 в 'пузырек' и переходим к нему
Массив преобразован в -2 0 0 0 1 1 4 8 12 78 94 114 321 345 954 
0 >= 0. Кладем значение 0 в 'пузырек' и переходим к нему
Массив преобразован в -2 0 0 0 1 1 4 8 12 78 94 114 321 345 954 
1 >= 0. Кладем значение 1 в 'пузырек' и переходим к нему
Массив преобразован в -2 0 0 0 1 1 4 8 12 78 94 114 321 345 954 
1 >= 1. Кладем значение 1 в 'пузырек' и переходим к нему
Массив преобразован в -2 0 0 0 1 1 4 8 12 78 94 114 321 345 954 
4 >= 1. Кладем значение 4 в 'пузырек' и переходим к нему
Массив преобразован в -2 0 0 0 1 1 4 8 12 78 94 114 321 345 954 
8 >= 4. Кладем значение 8 в 'пузырек' и переходим к нему
Массив преобразован в -2 0 0 0 1 1 4 8 12 78 94 114 321 345 954 
12 >= 8. Кладем значение 12 в 'пузырек' и переходим к нему
Массив преобразован в -2 0 0 0 1 1 4 8 12 78 94 114 321 345 954 
78 >= 12. Кладем значение 78 в 'пузырек' и переходим к нему
Массив преобразован в -2 0 0 0 1 1 4 8 12 78 94 114 321 345 954 
94 >= 78. Кладем значение 94 в 'пузырек' и переходим к нему
Массив преобразован в -2 0 0 0 1 1 4 8 12 78 94 114 321 345 954 
114 >= 94. Кладем значение 114 в 'пузырек' и переходим к нему
Массив преобразован в -2 0 0 0 1 1 4 8 12 78 94 114 321 345 954 
321 >= 114. Кладем значение 321 в 'пузырек' и переходим к нему
Массив преобразован в -2 0 0 0 1 1 4 8 12 78 94 114 321 345 954 
345 >= 321. Кладем значение 345 в 'пузырек' и переходим к нему
Массив преобразован в -2 0 0 0 1 1 4 8 12 78 94 114 321 345 954 
954 >= 345. Кладем значение 954 в 'пузырек' и переходим к нему
Массив преобразован в -2 0 0 0 1 1 4 8 12 78 94 114 321 345 954 
Dec 02, 2022 12:41:37 PM Main loging
INFO: Сортировка массива завершена

Dec 02, 2022 12:41:37 PM Main loging
INFO: Вывод отсортированного массива

